#! /usr/bin/vvp
:ivl_version "10.1 (stable)";
:ivl_delay_selection "TYPICAL";
:vpi_time_precision + 0;
:vpi_module "system";
:vpi_module "vhdl_sys";
:vpi_module "v2005_math";
:vpi_module "va_math";
S_0x55619ab430f0 .scope module, "tb_ALUCU" "tb_ALUCU" 2 3;
 .timescale 0 0;
v0x55619ab652d0_0 .net "ALUControl", 3 0, L_0x55619ab65dc0;  1 drivers
v0x55619ab653b0_0 .var "ALUOp", 1 0;
v0x55619ab65480_0 .var "OpCode", 5 0;
v0x55619ab65580_0 .var "XO", 8 0;
v0x55619ab65650_0 .var "clk", 0 0;
S_0x55619ab43cd0 .scope module, "m" "uPOWER_ALUControlUnit" 2 15, 3 21 0, S_0x55619ab430f0;
 .timescale 0 0;
    .port_info 0 /OUTPUT 4 "ALUControl"
    .port_info 1 /INPUT 2 "ALUOp"
    .port_info 2 /INPUT 6 "OpCode"
    .port_info 3 /INPUT 9 "XO"
L_0x7f84bd927018 .functor BUFT 1, C4<0>, C4<0>, C4<0>, C4<0>;
L_0x55619ab39120 .functor OR 1, L_0x55619ab658b0, L_0x7f84bd927018, C4<0>, C4<0>;
L_0x7f84bd927060 .functor BUFT 1, C4<0>, C4<0>, C4<0>, C4<0>;
L_0x55619ab39190 .functor OR 1, L_0x55619ab65a50, L_0x7f84bd927060, C4<0>, C4<0>;
L_0x7f84bd9270a8 .functor BUFT 1, C4<0>, C4<0>, C4<0>, C4<0>;
L_0x55619ab65be0 .functor OR 1, L_0x55619ab65c50, L_0x7f84bd9270a8, C4<0>, C4<0>;
L_0x7f84bd9270f0 .functor BUFT 1, C4<0>, C4<0>, C4<0>, C4<0>;
L_0x55619ab65fa0 .functor OR 1, L_0x55619ab66090, L_0x7f84bd9270f0, C4<0>, C4<0>;
v0x55619ab39300_0 .net "ALUControl", 3 0, L_0x55619ab65dc0;  alias, 1 drivers
v0x55619ab393a0_0 .net "ALUControlIn", 16 0, L_0x55619ab656f0;  1 drivers
v0x55619ab643f0_0 .var "ALUCtrl", 3 0;
v0x55619ab644e0_0 .net "ALUOp", 1 0, v0x55619ab653b0_0;  1 drivers
v0x55619ab645c0_0 .net "OpCode", 5 0, v0x55619ab65480_0;  1 drivers
v0x55619ab646f0_0 .net "XO", 8 0, v0x55619ab65580_0;  1 drivers
v0x55619ab647d0_0 .net *"_s11", 0 0, L_0x55619ab65a50;  1 drivers
v0x55619ab648b0_0 .net/2s *"_s12", 0 0, L_0x7f84bd927060;  1 drivers
v0x55619ab64990_0 .net *"_s14", 0 0, L_0x55619ab65be0;  1 drivers
v0x55619ab64a70_0 .net *"_s17", 0 0, L_0x55619ab65c50;  1 drivers
v0x55619ab64b50_0 .net/2s *"_s18", 0 0, L_0x7f84bd9270a8;  1 drivers
v0x55619ab64c30_0 .net *"_s2", 0 0, L_0x55619ab39120;  1 drivers
v0x55619ab64d10_0 .net *"_s20", 0 0, L_0x55619ab65fa0;  1 drivers
v0x55619ab64df0_0 .net *"_s24", 0 0, L_0x55619ab66090;  1 drivers
v0x55619ab64ed0_0 .net/2s *"_s25", 0 0, L_0x7f84bd9270f0;  1 drivers
v0x55619ab64fb0_0 .net *"_s5", 0 0, L_0x55619ab658b0;  1 drivers
v0x55619ab65090_0 .net/2s *"_s6", 0 0, L_0x7f84bd927018;  1 drivers
v0x55619ab65170_0 .net *"_s8", 0 0, L_0x55619ab39190;  1 drivers
E_0x55619ab2a0a0 .event edge, v0x55619ab393a0_0;
L_0x55619ab656f0 .concat [ 9 6 2 0], v0x55619ab65580_0, v0x55619ab65480_0, v0x55619ab653b0_0;
L_0x55619ab658b0 .part v0x55619ab643f0_0, 0, 1;
L_0x55619ab65a50 .part v0x55619ab643f0_0, 1, 1;
L_0x55619ab65c50 .part v0x55619ab643f0_0, 2, 1;
L_0x55619ab65dc0 .concat8 [ 1 1 1 1], L_0x55619ab39120, L_0x55619ab39190, L_0x55619ab65be0, L_0x55619ab65fa0;
L_0x55619ab66090 .part v0x55619ab643f0_0, 3, 1;
    .scope S_0x55619ab43cd0;
T_0 ;
    %wait E_0x55619ab2a0a0;
    %load/vec4 v0x55619ab393a0_0;
    %dup/vec4;
    %pushi/vec4 32767, 32767, 17;
    %cmp/x;
    %jmp/1 T_0.0, 4;
    %dup/vec4;
    %pushi/vec4 65535, 32767, 17;
    %cmp/x;
    %jmp/1 T_0.1, 4;
    %dup/vec4;
    %pushi/vec4 73215, 511, 17;
    %cmp/x;
    %jmp/1 T_0.2, 4;
    %dup/vec4;
    %pushi/vec4 78335, 511, 17;
    %cmp/x;
    %jmp/1 T_0.3, 4;
    %dup/vec4;
    %pushi/vec4 80383, 511, 17;
    %cmp/x;
    %jmp/1 T_0.4, 4;
    %dup/vec4;
    %pushi/vec4 81436, 0, 17;
    %cmp/x;
    %jmp/1 T_0.5, 4;
    %dup/vec4;
    %pushi/vec4 81448, 0, 17;
    %cmp/x;
    %jmp/1 T_0.6, 4;
    %dup/vec4;
    %pushi/vec4 81674, 0, 17;
    %cmp/x;
    %jmp/1 T_0.7, 4;
    %dup/vec4;
    %pushi/vec4 81852, 0, 17;
    %cmp/x;
    %jmp/1 T_0.8, 4;
    %dup/vec4;
    %pushi/vec4 81884, 0, 17;
    %cmp/x;
    %jmp/1 T_0.9, 4;
    %pushi/vec4 0, 0, 4;
    %assign/vec4 v0x55619ab643f0_0, 0;
    %jmp T_0.11;
T_0.0 ;
    %pushi/vec4 2, 0, 4;
    %assign/vec4 v0x55619ab643f0_0, 0;
    %jmp T_0.11;
T_0.1 ;
    %pushi/vec4 6, 0, 4;
    %assign/vec4 v0x55619ab643f0_0, 0;
    %jmp T_0.11;
T_0.2 ;
    %pushi/vec4 2, 0, 4;
    %assign/vec4 v0x55619ab643f0_0, 0;
    %jmp T_0.11;
T_0.3 ;
    %pushi/vec4 1, 0, 4;
    %assign/vec4 v0x55619ab643f0_0, 0;
    %jmp T_0.11;
T_0.4 ;
    %pushi/vec4 0, 0, 4;
    %assign/vec4 v0x55619ab643f0_0, 0;
    %jmp T_0.11;
T_0.5 ;
    %pushi/vec4 0, 0, 4;
    %assign/vec4 v0x55619ab643f0_0, 0;
    %jmp T_0.11;
T_0.6 ;
    %pushi/vec4 6, 0, 4;
    %assign/vec4 v0x55619ab643f0_0, 0;
    %jmp T_0.11;
T_0.7 ;
    %pushi/vec4 2, 0, 4;
    %assign/vec4 v0x55619ab643f0_0, 0;
    %jmp T_0.11;
T_0.8 ;
    %pushi/vec4 1, 0, 4;
    %assign/vec4 v0x55619ab643f0_0, 0;
    %jmp T_0.11;
T_0.9 ;
    %pushi/vec4 13, 0, 4;
    %assign/vec4 v0x55619ab643f0_0, 0;
    %jmp T_0.11;
T_0.11 ;
    %pop/vec4 1;
    %jmp T_0;
    .thread T_0, $push;
    .scope S_0x55619ab430f0;
T_1 ;
    %pushi/vec4 0, 0, 1;
    %store/vec4 v0x55619ab65650_0, 0, 1;
    %pushi/vec4 100, 0, 32;
T_1.0 %dup/vec4;
    %pushi/vec4 0, 0, 32;
    %cmp/s;
    %jmp/1xz T_1.1, 5;
    %jmp/1 T_1.1, 4;
    %pushi/vec4 1, 0, 32;
    %sub;
    %delay 2, 0;
    %load/vec4 v0x55619ab65650_0;
    %inv;
    %store/vec4 v0x55619ab65650_0, 0, 1;
    %jmp T_1.0;
T_1.1 ;
    %pop/vec4 1;
    %end;
    .thread T_1;
    .scope S_0x55619ab430f0;
T_2 ;
    %vpi_call 2 26 "$dumpfile", "tb_ALUCU.vcd" {0 0 0};
    %vpi_call 2 27 "$dumpvars", 32'sb00000000000000000000000000000000, S_0x55619ab430f0 {0 0 0};
    %pushi/vec4 0, 0, 2;
    %store/vec4 v0x55619ab653b0_0, 0, 2;
    %pushi/vec4 58, 0, 6;
    %store/vec4 v0x55619ab65480_0, 0, 6;
    %pushi/vec4 0, 0, 9;
    %store/vec4 v0x55619ab65580_0, 0, 9;
    %delay 4, 0;
    %vpi_call 2 30 "$display", "\011Instruction Load Double Word\012\011ALUOp = %b \011OpCode = %d \011 XO = %d \012\011ALUControl = %b \011\012", v0x55619ab653b0_0, v0x55619ab65480_0, v0x55619ab65580_0, v0x55619ab652d0_0 {0 0 0};
    %pushi/vec4 0, 0, 2;
    %store/vec4 v0x55619ab653b0_0, 0, 2;
    %pushi/vec4 62, 0, 6;
    %store/vec4 v0x55619ab65480_0, 0, 6;
    %pushi/vec4 0, 0, 9;
    %store/vec4 v0x55619ab65580_0, 0, 9;
    %delay 4, 0;
    %vpi_call 2 33 "$display", "\011Instruction Store Double Word\012\011ALUOp = %b \011OpCode = %d \011 XO = %d \012\011ALUControl = %b \011\012", v0x55619ab653b0_0, v0x55619ab65480_0, v0x55619ab65580_0, v0x55619ab652d0_0 {0 0 0};
    %pushi/vec4 1, 0, 2;
    %store/vec4 v0x55619ab653b0_0, 0, 2;
    %pushi/vec4 19, 0, 6;
    %store/vec4 v0x55619ab65480_0, 0, 6;
    %pushi/vec4 0, 0, 9;
    %store/vec4 v0x55619ab65580_0, 0, 9;
    %delay 4, 0;
    %vpi_call 2 36 "$display", "\011Instruction Branch Condition Relative\012\011ALUOp = %b \011OpCode = %d \011 XO = %d \012\011ALUControl = %b \011\012", v0x55619ab653b0_0, v0x55619ab65480_0, v0x55619ab65580_0, v0x55619ab652d0_0 {0 0 0};
    %pushi/vec4 2, 0, 2;
    %store/vec4 v0x55619ab653b0_0, 0, 2;
    %pushi/vec4 14, 0, 6;
    %store/vec4 v0x55619ab65480_0, 0, 6;
    %pushi/vec4 0, 0, 9;
    %store/vec4 v0x55619ab65580_0, 0, 9;
    %delay 4, 0;
    %vpi_call 2 39 "$display", "\011Instruction ADDI\012\011ALUOp = %b \011OpCode = %d \011 XO = %d \012\011ALUControl = %b \011\012", v0x55619ab653b0_0, v0x55619ab65480_0, v0x55619ab65580_0, v0x55619ab652d0_0 {0 0 0};
    %pushi/vec4 2, 0, 2;
    %store/vec4 v0x55619ab653b0_0, 0, 2;
    %pushi/vec4 24, 0, 6;
    %store/vec4 v0x55619ab65480_0, 0, 6;
    %pushi/vec4 0, 0, 9;
    %store/vec4 v0x55619ab65580_0, 0, 9;
    %delay 4, 0;
    %vpi_call 2 42 "$display", "\011Instruction ORI\012\011ALUOp = %b \011OpCode = %d \011 XO = %d \012\011ALUControl = %b \011\012", v0x55619ab653b0_0, v0x55619ab65480_0, v0x55619ab65580_0, v0x55619ab652d0_0 {0 0 0};
    %pushi/vec4 2, 0, 2;
    %store/vec4 v0x55619ab653b0_0, 0, 2;
    %pushi/vec4 28, 0, 6;
    %store/vec4 v0x55619ab65480_0, 0, 6;
    %pushi/vec4 0, 0, 9;
    %store/vec4 v0x55619ab65580_0, 0, 9;
    %delay 4, 0;
    %vpi_call 2 45 "$display", "\011Instruction ANDI\012\011ALUOp = %b \011OpCode = %d \011 XO = %d \012\011ALUControl = %b \011\012", v0x55619ab653b0_0, v0x55619ab65480_0, v0x55619ab65580_0, v0x55619ab652d0_0 {0 0 0};
    %pushi/vec4 2, 0, 2;
    %store/vec4 v0x55619ab653b0_0, 0, 2;
    %pushi/vec4 31, 0, 6;
    %store/vec4 v0x55619ab65480_0, 0, 6;
    %pushi/vec4 28, 0, 9;
    %store/vec4 v0x55619ab65580_0, 0, 9;
    %delay 4, 0;
    %vpi_call 2 48 "$display", "\011Instruction AND\012\011ALUOp = %b \011OpCode = %d \011 XO = %d \012\011ALUControl = %b \011\012", v0x55619ab653b0_0, v0x55619ab65480_0, v0x55619ab65580_0, v0x55619ab652d0_0 {0 0 0};
    %pushi/vec4 2, 0, 2;
    %store/vec4 v0x55619ab653b0_0, 0, 2;
    %pushi/vec4 31, 0, 6;
    %store/vec4 v0x55619ab65480_0, 0, 6;
    %pushi/vec4 40, 0, 9;
    %store/vec4 v0x55619ab65580_0, 0, 9;
    %delay 4, 0;
    %vpi_call 2 51 "$display", "\011Instruction SUB\012\011ALUOp = %b \011OpCode = %d \011 XO = %d \012\011ALUControl = %b \011\012", v0x55619ab653b0_0, v0x55619ab65480_0, v0x55619ab65580_0, v0x55619ab652d0_0 {0 0 0};
    %pushi/vec4 2, 0, 2;
    %store/vec4 v0x55619ab653b0_0, 0, 2;
    %pushi/vec4 31, 0, 6;
    %store/vec4 v0x55619ab65480_0, 0, 6;
    %pushi/vec4 266, 0, 9;
    %store/vec4 v0x55619ab65580_0, 0, 9;
    %delay 4, 0;
    %vpi_call 2 54 "$display", "\011Instruction ADD\012\011ALUOp = %b \011OpCode = %d \011 XO = %d \012\011ALUControl = %b \011\012", v0x55619ab653b0_0, v0x55619ab65480_0, v0x55619ab65580_0, v0x55619ab652d0_0 {0 0 0};
    %pushi/vec4 2, 0, 2;
    %store/vec4 v0x55619ab653b0_0, 0, 2;
    %pushi/vec4 31, 0, 6;
    %store/vec4 v0x55619ab65480_0, 0, 6;
    %pushi/vec4 444, 0, 9;
    %store/vec4 v0x55619ab65580_0, 0, 9;
    %delay 4, 0;
    %vpi_call 2 57 "$display", "\011Instruction OR\012\011ALUOp = %b \011OpCode = %d \011 XO = %d \012\011ALUControl = %b \011\012", v0x55619ab653b0_0, v0x55619ab65480_0, v0x55619ab65580_0, v0x55619ab652d0_0 {0 0 0};
    %pushi/vec4 2, 0, 2;
    %store/vec4 v0x55619ab653b0_0, 0, 2;
    %pushi/vec4 31, 0, 6;
    %store/vec4 v0x55619ab65480_0, 0, 6;
    %pushi/vec4 476, 0, 9;
    %store/vec4 v0x55619ab65580_0, 0, 9;
    %delay 4, 0;
    %vpi_call 2 60 "$display", "\011Instruction NAND\012\011ALUOp = %b \011OpCode = %d \011 XO = %d \012\011ALUControl = %b \011\012", v0x55619ab653b0_0, v0x55619ab65480_0, v0x55619ab65580_0, v0x55619ab652d0_0 {0 0 0};
    %end;
    .thread T_2;
# The file index is used to find the file name in the following table.
:file_names 4;
    "N/A";
    "<interactive>";
    "Test_bench_ALUCU.v";
    "./uPOWER_ALUControlUnit.v";
