#! /usr/bin/vvp
:ivl_version "10.1 (stable)";
:ivl_delay_selection "TYPICAL";
:vpi_time_precision + 0;
:vpi_module "system";
:vpi_module "vhdl_sys";
:vpi_module "v2005_math";
:vpi_module "va_math";
S_0x55df23f17240 .scope module, "instrmemstimulous" "instrmemstimulous" 2 20;
 .timescale 0 0;
v0x55df23f37810_0 .var "addr", 31 0;
v0x55df23f37900_0 .net "instr", 31 0, v0x55df23f376f0_0;  1 drivers
S_0x55df23f173c0 .scope module, "instructionmemory" "InstructionMem" 2 25, 2 1 0, S_0x55df23f17240;
 .timescale 0 0;
    .port_info 0 /OUTPUT 32 "instruction"
    .port_info 1 /INPUT 32 "address"
v0x55df23f17590_0 .net "address", 31 0, v0x55df23f37810_0;  1 drivers
v0x55df23f37630 .array "instrmem", 0 1023, 31 0;
v0x55df23f376f0_0 .var "instruction", 31 0;
E_0x55df23edbb40 .event edge, v0x55df23f17590_0;
    .scope S_0x55df23f173c0;
T_0 ;
    %wait E_0x55df23edbb40;
    %load/vec4 v0x55df23f17590_0;
    %pushi/vec4 4, 0, 32;
    %div;
    %ix/vec4 4;
    %load/vec4a v0x55df23f37630, 4;
    %store/vec4 v0x55df23f376f0_0, 0, 32;
    %jmp T_0;
    .thread T_0, $push;
    .scope S_0x55df23f173c0;
T_1 ;
    %vpi_call 2 14 "$readmemb", "instr.txt", v0x55df23f37630 {0 0 0};
    %end;
    .thread T_1;
    .scope S_0x55df23f17240;
T_2 ;
    %vpi_call 2 29 "$monitor", "Mem Address=%h instruction=%b", v0x55df23f37810_0, v0x55df23f37900_0 {0 0 0};
    %pushi/vec4 0, 0, 32;
    %store/vec4 v0x55df23f37810_0, 0, 32;
    %delay 10000, 0;
    %pushi/vec4 4, 0, 32;
    %store/vec4 v0x55df23f37810_0, 0, 32;
    %delay 10000, 0;
    %pushi/vec4 8, 0, 32;
    %store/vec4 v0x55df23f37810_0, 0, 32;
    %delay 10000, 0;
    %pushi/vec4 12, 0, 32;
    %store/vec4 v0x55df23f37810_0, 0, 32;
    %delay 10000, 0;
    %pushi/vec4 16, 0, 32;
    %store/vec4 v0x55df23f37810_0, 0, 32;
    %delay 10000, 0;
    %pushi/vec4 20, 0, 32;
    %store/vec4 v0x55df23f37810_0, 0, 32;
    %delay 10000, 0;
    %pushi/vec4 24, 0, 32;
    %store/vec4 v0x55df23f37810_0, 0, 32;
    %delay 10000, 0;
    %pushi/vec4 28, 0, 32;
    %store/vec4 v0x55df23f37810_0, 0, 32;
    %delay 10000, 0;
    %vpi_call 2 39 "$finish" {0 0 0};
    %end;
    .thread T_2;
# The file index is used to find the file name in the following table.
:file_names 3;
    "N/A";
    "<interactive>";
    "websiteKaCode.v";
