#! /usr/bin/vvp
:ivl_version "10.1 (stable)";
:ivl_delay_selection "TYPICAL";
:vpi_time_precision + 0;
:vpi_module "system";
:vpi_module "vhdl_sys";
:vpi_module "v2005_math";
:vpi_module "va_math";
S_0x56053eea6430 .scope module, "tb_Instruction_Fetch_Hardware" "tb_Instruction_Fetch_Hardware" 2 3;
 .timescale 0 0;
L_0x7fdb1ffe4060 .functor BUFT 1, C4<00000000010000000000000000000000>, C4<0>, C4<0>, C4<0>;
v0x56053eec6eb0_0 .net/2u *"_s0", 31 0, L_0x7fdb1ffe4060;  1 drivers
v0x56053eec6fb0_0 .var "clk", 0 0;
v0x56053eec7070_0 .net "instruction", 31 0, v0x56053eec6690_0;  1 drivers
v0x56053eec7190_0 .net "pc_out", 31 0, L_0x56053eed74d0;  1 drivers
v0x56053eec7230_0 .var "reset", 0 0;
v0x56053eec7320_0 .net "virtualPC", 31 0, L_0x56053eed7680;  1 drivers
L_0x56053eed7680 .arith/sum 32, L_0x56053eed74d0, L_0x7fdb1ffe4060;
S_0x56053eea65b0 .scope module, "IFH" "Instruction_Fetch_Hardware" 2 16, 3 21 0, S_0x56053eea6430;
 .timescale 0 0;
    .port_info 0 /INPUT 1 "clk"
    .port_info 1 /INPUT 1 "reset"
    .port_info 2 /OUTPUT 32 "instruction"
    .port_info 3 /OUTPUT 32 "pc_out"
L_0x56053eed74d0 .functor BUFZ 32, v0x56053eec6ab0_0, C4<00000000000000000000000000000000>, C4<00000000000000000000000000000000>, C4<00000000000000000000000000000000>;
L_0x7fdb1ffe4018 .functor BUFT 1, C4<00000000000000000000000000000100>, C4<0>, C4<0>, C4<0>;
v0x56053eec6870_0 .net/2u *"_s0", 31 0, L_0x7fdb1ffe4018;  1 drivers
v0x56053eec6950_0 .net "clk", 0 0, v0x56053eec6fb0_0;  1 drivers
v0x56053eec6a10_0 .net "instruction", 31 0, v0x56053eec6690_0;  alias, 1 drivers
v0x56053eec6ab0_0 .var "pc_current", 31 0;
v0x56053eec6b80_0 .net "pc_next", 31 0, L_0x56053eed7430;  1 drivers
v0x56053eec6c90_0 .net "pc_out", 31 0, L_0x56053eed74d0;  alias, 1 drivers
v0x56053eec6d70_0 .net "reset", 0 0, v0x56053eec7230_0;  1 drivers
E_0x56053ee9b3a0 .event posedge, v0x56053eec6d70_0, v0x56053eec6950_0;
L_0x56053eed7430 .arith/sum 32, v0x56053eec6ab0_0, L_0x7fdb1ffe4018;
S_0x56053eea6730 .scope module, "IM" "Instruction_Memory" 3 43, 3 1 0, S_0x56053eea65b0;
 .timescale 0 0;
    .port_info 0 /OUTPUT 32 "instruction"
    .port_info 1 /INPUT 32 "address"
v0x56053eea68b0_0 .net "address", 31 0, v0x56053eec6ab0_0;  1 drivers
v0x56053eec6690_0 .var "instruction", 31 0;
v0x56053eec6770 .array "instructionMemory", 0 1023, 31 0;
E_0x56053ee9bb30 .event edge, v0x56053eea68b0_0;
    .scope S_0x56053eea6730;
T_0 ;
    %vpi_call 3 10 "$readmemb", "instr.txt", v0x56053eec6770 {0 0 0};
    %end;
    .thread T_0;
    .scope S_0x56053eea6730;
T_1 ;
    %wait E_0x56053ee9bb30;
    %load/vec4 v0x56053eea68b0_0;
    %pushi/vec4 4, 0, 32;
    %div;
    %ix/vec4 4;
    %load/vec4a v0x56053eec6770, 4;
    %store/vec4 v0x56053eec6690_0, 0, 32;
    %jmp T_1;
    .thread T_1, $push;
    .scope S_0x56053eea65b0;
T_2 ;
    %wait E_0x56053ee9b3a0;
    %load/vec4 v0x56053eec6d70_0;
    %flag_set/vec4 8;
    %jmp/0xz  T_2.0, 8;
    %pushi/vec4 0, 0, 32;
    %assign/vec4 v0x56053eec6ab0_0, 0;
    %jmp T_2.1;
T_2.0 ;
    %load/vec4 v0x56053eec6b80_0;
    %assign/vec4 v0x56053eec6ab0_0, 0;
T_2.1 ;
    %jmp T_2;
    .thread T_2;
    .scope S_0x56053eea6430;
T_3 ;
    %pushi/vec4 0, 0, 1;
    %store/vec4 v0x56053eec6fb0_0, 0, 1;
    %pushi/vec4 10, 0, 32;
T_3.0 %dup/vec4;
    %pushi/vec4 0, 0, 32;
    %cmp/s;
    %jmp/1xz T_3.1, 5;
    %jmp/1 T_3.1, 4;
    %pushi/vec4 1, 0, 32;
    %sub;
    %delay 5, 0;
    %load/vec4 v0x56053eec6fb0_0;
    %inv;
    %store/vec4 v0x56053eec6fb0_0, 0, 1;
    %jmp T_3.0;
T_3.1 ;
    %pop/vec4 1;
    %end;
    .thread T_3;
    .scope S_0x56053eea6430;
T_4 ;
    %vpi_call 2 30 "$dumpfile", "VCD_Instruction_Fetch_Hardware.vcd" {0 0 0};
    %vpi_call 2 31 "$dumpvars", 32'sb00000000000000000000000000000000, S_0x56053eea6430 {0 0 0};
    %vpi_call 2 32 "$monitor", $time, ": PC = %h, Instruction = %b", v0x56053eec7320_0, v0x56053eec7070_0 {0 0 0};
    %pushi/vec4 1, 0, 1;
    %store/vec4 v0x56053eec7230_0, 0, 1;
    %delay 1, 0;
    %pushi/vec4 0, 0, 1;
    %store/vec4 v0x56053eec7230_0, 0, 1;
    %end;
    .thread T_4;
# The file index is used to find the file name in the following table.
:file_names 4;
    "N/A";
    "<interactive>";
    "tb_Instruction_Fetch_Hardware.v";
    "./Instruction_Fetch_Hardware.v";
